<?xml version="1.0" encoding="UTF-8"?>
<!-- Generated by org.testng.reporters.JUnitXMLReporter -->
<testsuite hostname="YogeshPatil" name="Test2" tests="3" failures="0" timestamp="12 Jun 2018 14:17:32 GMT" time="16.463" errors="0">
  <testcase name="chechLoginButton" time="2.68" classname="com.myntra.testframework.testcases.LoginPageTestCases"/>
  <testcase name="checkLoginSignUpLink" time="2.589" classname="com.myntra.testframework.testcases.LoginPageTestCases"/>
  <testcase name="checkYourAccountLink" time="0.002" classname="com.myntra.testframework.testcases.LoginPageTestCases"/>
</testsuite> <!-- Test2 -->
