<?xml version="1.0" encoding="UTF-8"?>
<!-- Generated by org.testng.reporters.JUnitXMLReporter -->
<testsuite hostname="YogeshPatil" name="Test" tests="4" failures="0" timestamp="12 Jun 2018 14:29:22 GMT" time="42.255" errors="0">
  <testcase name="tabsPresentOrNot" time="4.861" classname="com.myntra.testframework.testcases.HomePageTestCases"/>
  <testcase name="chechLoginButton" time="2.267" classname="com.myntra.testframework.testcases.LoginPageTestCases"/>
  <testcase name="checkLoginSignUpLink" time="2.983" classname="com.myntra.testframework.testcases.LoginPageTestCases"/>
  <testcase name="checkYourAccountLink" time="0.001" classname="com.myntra.testframework.testcases.LoginPageTestCases"/>
</testsuite> <!-- Test -->
