<?xml version="1.0" encoding="UTF-8"?>
<!-- Generated by org.testng.reporters.JUnitXMLReporter -->
<testsuite hostname="YogeshPatil" name="Test" tests="1" failures="0" timestamp="3 Jun 2018 16:21:26 GMT" time="0.059" errors="0">
  <testcase name="@BeforeTest beforeTestmethod" time="0.0" classname="com.myntra.testframework.testcases.HomePageTestCases">
    <failure type="java.lang.NullPointerException">
      <![CDATA[java.lang.NullPointerException
	at com.myntra.testframework.dataprovider.DataProviderFromConfig.getChromePath(DataProviderFromConfig.java:29)
	at com.myntra.testframework.factory.BrowserFactory.getDriver(BrowserFactory.java:26)
	at com.myntra.testframework.testcases.HomePageTestCases.beforeTestmethod(HomePageTestCases.java:26)
... Removed 22 stack frames]]>
    </failure>
  </testcase> <!-- @BeforeTest beforeTestmethod -->
  <testcase name="tabsPresentOrNot" time="0.002" classname="com.myntra.testframework.testcases.HomePageTestCases">
    <skipped/>
  </testcase> <!-- tabsPresentOrNot -->
</testsuite> <!-- Test -->
